<?xml version="1.0" encoding="UTF-8"?>
<testsuite xmlns:xsi="http://www.w3.org/2001/XMLSchema-instance" xsi:noNamespaceSchemaLocation="https://maven.apache.org/surefire/maven-surefire-plugin/xsd/surefire-test-report-3.0.xsd" version="3.0" name="com.CdisDemo.api.UsersRunner" time="23.263" tests="73" errors="16" skipped="17" failures="0">
  <properties>
[...]
</properties>
  <testcase name="* url baseurl" classname="Scenario: check status code of PDMetadataGenerationService service" time="0.008"/>
  <testcase name="* def PDMetadataGenerationService = read(&apos;PDMetadataGenerationService_request.json&apos;)" classname="Scenario: check status code of PDMetadataGenerationService service" time="0"/>
  <testcase name="Given path &apos;PDMetadataGenerationService/cdis/doc/pd/&apos;" classname="Scenario: check status code of PDMetadataGenerationService service" time="0"/>
  <testcase name="And header Content-Type = &apos;application/json&apos;" classname="Scenario: check status code of PDMetadataGenerationService service" time="0"/>
  <testcase name="And request PDMetadataGenerationService" classname="Scenario: check status code of PDMetadataGenerationService service" time="0"/>
  <testcase name="When method post" classname="Scenario: check status code of PDMetadataGenerationService service" time="0.048">
    <error message="&#10;org.apache.http.conn.HttpHostConnectException: Connect to localhost:8080 [localhost/127.0.0.1, localhost/0:0:0:0:0:0:0:1] failed: Connection refused: connect" type="com.intuit.karate.exception.KarateException">com.intuit.karate.exception.KarateException: 

org.apache.http.conn.HttpHostConnectException: Connect to localhost:8080 [localhost/127.0.0.1, localhost/0:0:0:0:0:0:0:1] failed: Connection refused: connect
</error>
    <system-out><![CDATA[13:27:53.088 [main] DEBUG com.intuit.karate - request:
1 > POST http://localhost:8080/PDMetadataGenerationService/cdis/doc/pd/
1 > Accept-Encoding: gzip,deflate
1 > Connection: Keep-Alive
1 > Content-Length: 438
1 > Content-Type: application/json; charset=UTF-8
1 > Host: localhost:8080
1 > User-Agent: Apache-HttpClient/4.5.5 (Java/1.8.0_191)
{"cdisId":"995bca5785d6435aa47697f18334e6ca","tsn":"26086","requestId":"201800952203","drNumber":"200300879477","titleCode":"ABO","addendumName":"","fileCount":1,"cdisDeliverySequenceId":null,"cdisPackageDirectory":null,"fileList":[],"bucketName":"dodge-qa-dodge-cdis","pdfFolderPath":"/Supported/PDF","planFolderPath":"/Supported/Plan","nonPlanFolderPath":"/Supported/Non-Plan","sourceFolderPath":"200300879477/ABO","resubmission":false}

13:27:55.237 [main] ERROR com.intuit.karate - org.apache.http.conn.HttpHostConnectException: Connect to localhost:8080 [localhost/127.0.0.1, localhost/0:0:0:0:0:0:0:1] failed: Connection refused: connect, http call failed after 2148 milliseconds for URL: http://localhost:8080/PDMetadataGenerationService/cdis/doc/pd/
13:27:55.238 [main] ERROR com.intuit.karate - http request failed: 
org.apache.http.conn.HttpHostConnectException: Connect to localhost:8080 [localhost/127.0.0.1, localhost/0:0:0:0:0:0:0:1] failed: Connection refused: connect
]]></system-out>
  </testcase>
  <testcase name="Scenario: check status code of PDMetadataGenerationService service" classname="Scenario: check status code of PDMetadataGenerationService service" time="0.049">
    <error message="&#10;org.apache.http.conn.HttpHostConnectException: Connect to localhost:8080 [localhost/127.0.0.1, localhost/0:0:0:0:0:0:0:1] failed: Connection refused: connect" type="com.intuit.karate.exception.KarateException">com.intuit.karate.exception.KarateException: 

org.apache.http.conn.HttpHostConnectException: Connect to localhost:8080 [localhost/127.0.0.1, localhost/0:0:0:0:0:0:0:1] failed: Connection refused: connect
</error>
  </testcase>
  <testcase name="Then status 200" classname="Scenario: check status code of PDMetadataGenerationService service" time="0">
    <skipped/>
  </testcase>
  <testcase name="* print response" classname="Scenario: check status code of PDMetadataGenerationService service" time="0">
    <skipped/>
  </testcase>
  <testcase name="* url baseurl" classname="Scenario: check status code of ManifestGenerateHandler service" time="0"/>
  <testcase name="* def ManifestGenerateHandler = read(&apos;ManifestGenerateHandler_request.json&apos;)" classname="Scenario: check status code of ManifestGenerateHandler service" time="0"/>
  <testcase name="Given path &apos;ManifestGenerateHandler/cdis/doc/manifest/&apos;" classname="Scenario: check status code of ManifestGenerateHandler service" time="0"/>
  <testcase name="And header Content-Type = &apos;application/json&apos;" classname="Scenario: check status code of ManifestGenerateHandler service" time="0"/>
  <testcase name="And request ManifestGenerateHandler" classname="Scenario: check status code of ManifestGenerateHandler service" time="0"/>
  <testcase name="When method post" classname="Scenario: check status code of ManifestGenerateHandler service" time="0">
    <error message="&#10;org.apache.http.conn.HttpHostConnectException: Connect to localhost:8080 [localhost/127.0.0.1, localhost/0:0:0:0:0:0:0:1] failed: Connection refused: connect" type="com.intuit.karate.exception.KarateException">com.intuit.karate.exception.KarateException: 

org.apache.http.conn.HttpHostConnectException: Connect to localhost:8080 [localhost/127.0.0.1, localhost/0:0:0:0:0:0:0:1] failed: Connection refused: connect
</error>
    <system-out><![CDATA[13:27:55.398 [main] DEBUG com.intuit.karate - request:
1 > POST http://localhost:8080/ManifestGenerateHandler/cdis/doc/manifest/
1 > Accept-Encoding: gzip,deflate
1 > Connection: Keep-Alive
1 > Content-Length: 462
1 > Content-Type: application/json; charset=UTF-8
1 > Host: localhost:8080
1 > User-Agent: Apache-HttpClient/4.5.5 (Java/1.8.0_191)
{"cdisId":"34ea165fcbbb4c97a60bce6ccd86cdc1","tsn":"50335","requestId":"0ed472fc-e9de-42e6-80b3-effd4bc21401","drNumber":"201800967972","titleCode":"@@@","addendumName":"","fileCount":3,"cdisDeliverySequenceId":null,"cdisPackageDirectory":null,"fileList":[],"bucketName":"dodge-qa-dodge-cdis","pdfFolderPath":"/Supported/PDF","planFolderPath":"/Supported/Plan","nonPlanFolderPath":"/Supported/Non-Plan","sourceFolderPath":"201800967972/@@@","resubmission":false}

13:27:57.419 [main] ERROR com.intuit.karate - org.apache.http.conn.HttpHostConnectException: Connect to localhost:8080 [localhost/127.0.0.1, localhost/0:0:0:0:0:0:0:1] failed: Connection refused: connect, http call failed after 2020 milliseconds for URL: http://localhost:8080/ManifestGenerateHandler/cdis/doc/manifest/
13:27:57.425 [main] ERROR com.intuit.karate - http request failed: 
org.apache.http.conn.HttpHostConnectException: Connect to localhost:8080 [localhost/127.0.0.1, localhost/0:0:0:0:0:0:0:1] failed: Connection refused: connect
]]></system-out>
  </testcase>
  <testcase name="Scenario: check status code of ManifestGenerateHandler service" classname="Scenario: check status code of ManifestGenerateHandler service" time="0.012">
    <error message="&#10;org.apache.http.conn.HttpHostConnectException: Connect to localhost:8080 [localhost/127.0.0.1, localhost/0:0:0:0:0:0:0:1] failed: Connection refused: connect" type="com.intuit.karate.exception.KarateException">com.intuit.karate.exception.KarateException: 

org.apache.http.conn.HttpHostConnectException: Connect to localhost:8080 [localhost/127.0.0.1, localhost/0:0:0:0:0:0:0:1] failed: Connection refused: connect
</error>
  </testcase>
  <testcase name="Then status 200" classname="Scenario: check status code of ManifestGenerateHandler service" time="0">
    <skipped/>
  </testcase>
  <testcase name="* print response" classname="Scenario: check status code of ManifestGenerateHandler service" time="0">
    <skipped/>
  </testcase>
  <testcase name="* url baseurl" classname="Scenario: check status code of FtpFileHandler service" time="0"/>
  <testcase name="* def FtpFileHandler = read(&apos;FtpFileHandler_request.json&apos;)" classname="Scenario: check status code of FtpFileHandler service" time="0"/>
  <testcase name="Given path &apos;FtpFileHandler/cdis/ftp/dr/&apos;" classname="Scenario: check status code of FtpFileHandler service" time="0"/>
  <testcase name="And header Content-Type = &apos;application/json&apos;" classname="Scenario: check status code of FtpFileHandler service" time="0"/>
  <testcase name="And request FtpFileHandler" classname="Scenario: check status code of FtpFileHandler service" time="0"/>
  <testcase name="When method post" classname="Scenario: check status code of FtpFileHandler service" time="0.001">
    <error message="&#10;org.apache.http.conn.HttpHostConnectException: Connect to localhost:8080 [localhost/127.0.0.1, localhost/0:0:0:0:0:0:0:1] failed: Connection refused: connect" type="com.intuit.karate.exception.KarateException">com.intuit.karate.exception.KarateException: 

org.apache.http.conn.HttpHostConnectException: Connect to localhost:8080 [localhost/127.0.0.1, localhost/0:0:0:0:0:0:0:1] failed: Connection refused: connect
</error>
    <system-out><![CDATA[13:27:57.487 [main] DEBUG com.intuit.karate - request:
1 > POST http://localhost:8080/FtpFileHandler/cdis/ftp/dr/
1 > Accept-Encoding: gzip,deflate
1 > Connection: Keep-Alive
1 > Content-Length: 476
1 > Content-Type: application/json; charset=UTF-8
1 > Host: localhost:8080
1 > User-Agent: Apache-HttpClient/4.5.5 (Java/1.8.0_191)
{"cdisId":"9ec7487efa7443d9be45978295d026de","tsn":"51277","requestId":"f57bdb9e-7d8b-4e9b-ad62-f9c591612ef2","drNumber":"201800968360","titleCode":"@@@","addendumName":"RFRNC02","fileCount":1,"cdisDeliverySequenceId":null,"cdisPackageDirectory":null,"fileList":[],"bucketName":"dodge-qa-dodge-cdis","pdfFolderPath":"/Supported/PDF","planFolderPath":"/Supported/Plan","nonPlanFolderPath":"/Supported/Non-Plan","sourceFolderPath":"201800968360-RFRNC02/@@@","resubmission":true}

13:27:59.504 [main] ERROR com.intuit.karate - org.apache.http.conn.HttpHostConnectException: Connect to localhost:8080 [localhost/127.0.0.1, localhost/0:0:0:0:0:0:0:1] failed: Connection refused: connect, http call failed after 2006 milliseconds for URL: http://localhost:8080/FtpFileHandler/cdis/ftp/dr/
13:27:59.505 [main] ERROR com.intuit.karate - http request failed: 
org.apache.http.conn.HttpHostConnectException: Connect to localhost:8080 [localhost/127.0.0.1, localhost/0:0:0:0:0:0:0:1] failed: Connection refused: connect
]]></system-out>
  </testcase>
  <testcase name="Scenario: check status code of FtpFileHandler service" classname="Scenario: check status code of FtpFileHandler service" time="0.002">
    <error message="&#10;org.apache.http.conn.HttpHostConnectException: Connect to localhost:8080 [localhost/127.0.0.1, localhost/0:0:0:0:0:0:0:1] failed: Connection refused: connect" type="com.intuit.karate.exception.KarateException">com.intuit.karate.exception.KarateException: 

org.apache.http.conn.HttpHostConnectException: Connect to localhost:8080 [localhost/127.0.0.1, localhost/0:0:0:0:0:0:0:1] failed: Connection refused: connect
</error>
  </testcase>
  <testcase name="Then status 200" classname="Scenario: check status code of FtpFileHandler service" time="0">
    <skipped/>
  </testcase>
  <testcase name="* print response" classname="Scenario: check status code of FtpFileHandler service" time="0">
    <skipped/>
  </testcase>
  <testcase name="* url baseurl" classname="Scenario: check status code of PlanRenameService service" time="0"/>
  <testcase name="* def PlanRenameService = read(&apos;PlanRenameService_request.json&apos;)" classname="Scenario: check status code of PlanRenameService service" time="0"/>
  <testcase name="Given path &apos;PlanRenameService/cdis/plan/defaults/&apos;" classname="Scenario: check status code of PlanRenameService service" time="0"/>
  <testcase name="And header Content-Type = &apos;application/json&apos;" classname="Scenario: check status code of PlanRenameService service" time="0"/>
  <testcase name="And request PlanRenameService" classname="Scenario: check status code of PlanRenameService service" time="0"/>
  <testcase name="When method post" classname="Scenario: check status code of PlanRenameService service" time="0">
    <error message="&#10;org.apache.http.conn.HttpHostConnectException: Connect to localhost:8080 [localhost/127.0.0.1, localhost/0:0:0:0:0:0:0:1] failed: Connection refused: connect" type="com.intuit.karate.exception.KarateException">com.intuit.karate.exception.KarateException: 

org.apache.http.conn.HttpHostConnectException: Connect to localhost:8080 [localhost/127.0.0.1, localhost/0:0:0:0:0:0:0:1] failed: Connection refused: connect
</error>
    <system-out><![CDATA[13:27:59.577 [main] DEBUG com.intuit.karate - request:
1 > POST http://localhost:8080/PlanRenameService/cdis/plan/defaults/
1 > Accept-Encoding: gzip,deflate
1 > Connection: Keep-Alive
1 > Content-Length: 182
1 > Content-Type: application/json; charset=UTF-8
1 > Host: localhost:8080
1 > User-Agent: Apache-HttpClient/4.5.5 (Java/1.8.0_191)
{"drNumber":"201800967972","titleCode":"@@@","addendumName":"","cdisId":"34ea165fcbbb4c97a60bce6ccd86cdc1","fileName":"201800967972/@@@/Supported/Plan-Rename-Input/plan_output.json"}

13:28:01.588 [main] ERROR com.intuit.karate - org.apache.http.conn.HttpHostConnectException: Connect to localhost:8080 [localhost/127.0.0.1, localhost/0:0:0:0:0:0:0:1] failed: Connection refused: connect, http call failed after 2011 milliseconds for URL: http://localhost:8080/PlanRenameService/cdis/plan/defaults/
13:28:01.588 [main] ERROR com.intuit.karate - http request failed: 
org.apache.http.conn.HttpHostConnectException: Connect to localhost:8080 [localhost/127.0.0.1, localhost/0:0:0:0:0:0:0:1] failed: Connection refused: connect
]]></system-out>
  </testcase>
  <testcase name="Scenario: check status code of PlanRenameService service" classname="Scenario: check status code of PlanRenameService service" time="0">
    <error message="&#10;org.apache.http.conn.HttpHostConnectException: Connect to localhost:8080 [localhost/127.0.0.1, localhost/0:0:0:0:0:0:0:1] failed: Connection refused: connect" type="com.intuit.karate.exception.KarateException">com.intuit.karate.exception.KarateException: 

org.apache.http.conn.HttpHostConnectException: Connect to localhost:8080 [localhost/127.0.0.1, localhost/0:0:0:0:0:0:0:1] failed: Connection refused: connect
</error>
  </testcase>
  <testcase name="Then status 200" classname="Scenario: check status code of PlanRenameService service" time="0">
    <skipped/>
  </testcase>
  <testcase name="* print response" classname="Scenario: check status code of PlanRenameService service" time="0">
    <skipped/>
  </testcase>
  <testcase name="* url baseurl" classname="Scenario: check status code of PdfSplitHandler service" time="0"/>
  <testcase name="* def PdfSplitHandler = read(&apos;PdfSplitHandler_request.json&apos;)" classname="Scenario: check status code of PdfSplitHandler service" time="0"/>
  <testcase name="Given path &apos;PdfSplitHandler/cdis/doc/split&apos;" classname="Scenario: check status code of PdfSplitHandler service" time="0"/>
  <testcase name="And header Content-Type = &apos;application/json&apos;" classname="Scenario: check status code of PdfSplitHandler service" time="0"/>
  <testcase name="And request PdfSplitHandler" classname="Scenario: check status code of PdfSplitHandler service" time="0"/>
  <testcase name="When method post" classname="Scenario: check status code of PdfSplitHandler service" time="0">
    <error message="&#10;org.apache.http.conn.HttpHostConnectException: Connect to localhost:8080 [localhost/127.0.0.1, localhost/0:0:0:0:0:0:0:1] failed: Connection refused: connect" type="com.intuit.karate.exception.KarateException">com.intuit.karate.exception.KarateException: 

org.apache.http.conn.HttpHostConnectException: Connect to localhost:8080 [localhost/127.0.0.1, localhost/0:0:0:0:0:0:0:1] failed: Connection refused: connect
</error>
    <system-out><![CDATA[13:28:01.679 [main] DEBUG com.intuit.karate - request:
1 > POST http://localhost:8080/PdfSplitHandler/cdis/doc/split
1 > Accept-Encoding: gzip,deflate
1 > Connection: Keep-Alive
1 > Content-Length: 707
1 > Content-Type: application/json; charset=UTF-8
1 > Host: localhost:8080
1 > User-Agent: Apache-HttpClient/4.5.5 (Java/1.8.0_191)
{"drNumber":"201500623260","docId":"8058e240790a4b85b9a7c4746b959ea1","cdisId":"6d32e952462142ed99270dd05dd152fd","addendumName":"","titleCode":"ZZZ","fileName":"_WR-2018-032-Tender-Appendix-G-Drawings.pdf","fileSize":29208323,"fileFormat":"pdf","supportedFlag":1,"file_lastModified":null,"s3Url":"vidya/_WR-2018-032-Tender-Appendix-G-Drawings.pdf","expirationTime":null,"statusCode":"CDIS_STS_006","docSplitCount":null,"createdBy":"CDIS","createDate":1542842364000,"updatedBy":null,"updatedDate":null,"bucketName":"dodge-dev-dodge-cdis","sourceFolder":"201500623260/ZZZ","destFolder":null,"planFolder":"/Supported/Plan","nonplanFolder":"/Supported/Non-Plan","pdfFolder":"/Supported/PDF","otherFolder":null}

13:28:03.692 [main] ERROR com.intuit.karate - org.apache.http.conn.HttpHostConnectException: Connect to localhost:8080 [localhost/127.0.0.1, localhost/0:0:0:0:0:0:0:1] failed: Connection refused: connect, http call failed after 2013 milliseconds for URL: http://localhost:8080/PdfSplitHandler/cdis/doc/split
13:28:03.692 [main] ERROR com.intuit.karate - http request failed: 
org.apache.http.conn.HttpHostConnectException: Connect to localhost:8080 [localhost/127.0.0.1, localhost/0:0:0:0:0:0:0:1] failed: Connection refused: connect
]]></system-out>
  </testcase>
  <testcase name="Scenario: check status code of PdfSplitHandler service" classname="Scenario: check status code of PdfSplitHandler service" time="0">
    <error message="&#10;org.apache.http.conn.HttpHostConnectException: Connect to localhost:8080 [localhost/127.0.0.1, localhost/0:0:0:0:0:0:0:1] failed: Connection refused: connect" type="com.intuit.karate.exception.KarateException">com.intuit.karate.exception.KarateException: 

org.apache.http.conn.HttpHostConnectException: Connect to localhost:8080 [localhost/127.0.0.1, localhost/0:0:0:0:0:0:0:1] failed: Connection refused: connect
</error>
  </testcase>
  <testcase name="Then status 200" classname="Scenario: check status code of PdfSplitHandler service" time="0">
    <skipped/>
  </testcase>
  <testcase name="* print response" classname="Scenario: check status code of PdfSplitHandler service" time="0">
    <skipped/>
  </testcase>
  <testcase name="* url baseurl" classname="Scenario: check status code of PdfTextOverlayService service" time="0"/>
  <testcase name="* def PdfTextOverlayService = read(&apos;PdfTextOverlayService_request.json&apos;)" classname="Scenario: check status code of PdfTextOverlayService service" time="0"/>
  <testcase name="Given path &apos;PdfTextOverlayService/cdis/doc/overlay/&apos;" classname="Scenario: check status code of PdfTextOverlayService service" time="0"/>
  <testcase name="And header Content-Type = &apos;application/json&apos;" classname="Scenario: check status code of PdfTextOverlayService service" time="0.001"/>
  <testcase name="And request PdfTextOverlayService" classname="Scenario: check status code of PdfTextOverlayService service" time="0"/>
  <testcase name="When method post" classname="Scenario: check status code of PdfTextOverlayService service" time="0">
    <error message="&#10;org.apache.http.conn.HttpHostConnectException: Connect to localhost:8080 [localhost/127.0.0.1, localhost/0:0:0:0:0:0:0:1] failed: Connection refused: connect" type="com.intuit.karate.exception.KarateException">com.intuit.karate.exception.KarateException: 

org.apache.http.conn.HttpHostConnectException: Connect to localhost:8080 [localhost/127.0.0.1, localhost/0:0:0:0:0:0:0:1] failed: Connection refused: connect
</error>
    <system-out><![CDATA[13:28:03.760 [main] DEBUG com.intuit.karate - request:
1 > POST http://localhost:8080/PdfTextOverlayService/cdis/doc/overlay/
1 > Accept-Encoding: gzip,deflate
1 > Connection: Keep-Alive
1 > Content-Length: 743
1 > Content-Type: application/json; charset=UTF-8
1 > Host: localhost:8080
1 > User-Agent: Apache-HttpClient/4.5.5 (Java/1.8.0_191)
{"drNumber":"201800967055","docId":"fd1c11b6577a4414b92b377d32970d06","cdisId":"ce9b9996e6814428962fc360850cf9de","addendumName":"RFRNC04","titleCode":"@@@","fileName":"X67408_LINEWORK.dwg","fileSize":3117369,"fileFormat":"dwg","supportedFlag":1,"file_lastModified":null,"s3Url":"f1/c1/f1c1ca12-6dfd-4ca2-a0fd-734027efbacd/pns/qa/MHC_18_10_31_343371.505706/X67408_LINEWORK.dwg","expirationTime":null,"statusCode":"CDIS_STS_006","docSplitCount":null,"createdBy":"CDIS","createDate":1542842364000,"updatedBy":null,"updatedDate":null,"bucketName":"dodge-qa-dodge-cdis","sourceFolder":"201800967055-RFRNC04/@@@","destFolder":null,"planFolder":"/Supported/Plan","nonplanFolder":"/Supported/Non-Plan","pdfFolder":"/Supported/PDF","otherFolder":null}

13:28:05.768 [main] ERROR com.intuit.karate - org.apache.http.conn.HttpHostConnectException: Connect to localhost:8080 [localhost/127.0.0.1, localhost/0:0:0:0:0:0:0:1] failed: Connection refused: connect, http call failed after 2007 milliseconds for URL: http://localhost:8080/PdfTextOverlayService/cdis/doc/overlay/
13:28:05.768 [main] ERROR com.intuit.karate - http request failed: 
org.apache.http.conn.HttpHostConnectException: Connect to localhost:8080 [localhost/127.0.0.1, localhost/0:0:0:0:0:0:0:1] failed: Connection refused: connect
]]></system-out>
  </testcase>
  <testcase name="Scenario: check status code of PdfTextOverlayService service" classname="Scenario: check status code of PdfTextOverlayService service" time="0">
    <error message="&#10;org.apache.http.conn.HttpHostConnectException: Connect to localhost:8080 [localhost/127.0.0.1, localhost/0:0:0:0:0:0:0:1] failed: Connection refused: connect" type="com.intuit.karate.exception.KarateException">com.intuit.karate.exception.KarateException: 

org.apache.http.conn.HttpHostConnectException: Connect to localhost:8080 [localhost/127.0.0.1, localhost/0:0:0:0:0:0:0:1] failed: Connection refused: connect
</error>
  </testcase>
  <testcase name="Then status 200" classname="Scenario: check status code of PdfTextOverlayService service" time="0">
    <skipped/>
  </testcase>
  <testcase name="* print response" classname="Scenario: check status code of PdfTextOverlayService service" time="0">
    <skipped/>
  </testcase>
  <testcase name="* url baseurl" classname="Scenario: check status code of ContentXmlGenerateHandler service" time="0"/>
  <testcase name="* def ContentXmlGenerateHandler = read(&apos;ContentXmlGenerateHandler_request.json&apos;)" classname="Scenario: check status code of ContentXmlGenerateHandler service" time="0"/>
  <testcase name="Given path &apos;ContentXmlGenerateHandler/cdis/doc/content/&apos;" classname="Scenario: check status code of ContentXmlGenerateHandler service" time="0"/>
  <testcase name="And header Content-Type = &apos;application/json&apos;" classname="Scenario: check status code of ContentXmlGenerateHandler service" time="0"/>
  <testcase name="And request ContentXmlGenerateHandler" classname="Scenario: check status code of ContentXmlGenerateHandler service" time="0"/>
  <testcase name="When method post" classname="Scenario: check status code of ContentXmlGenerateHandler service" time="0.001">
    <error message="&#10;org.apache.http.conn.HttpHostConnectException: Connect to localhost:8080 [localhost/127.0.0.1, localhost/0:0:0:0:0:0:0:1] failed: Connection refused: connect" type="com.intuit.karate.exception.KarateException">com.intuit.karate.exception.KarateException: 

org.apache.http.conn.HttpHostConnectException: Connect to localhost:8080 [localhost/127.0.0.1, localhost/0:0:0:0:0:0:0:1] failed: Connection refused: connect
</error>
    <system-out><![CDATA[13:28:05.833 [main] DEBUG com.intuit.karate - request:
1 > POST http://localhost:8080/ContentXmlGenerateHandler/cdis/doc/content/
1 > Accept-Encoding: gzip,deflate
1 > Connection: Keep-Alive
1 > Content-Length: 462
1 > Content-Type: application/json; charset=UTF-8
1 > Host: localhost:8080
1 > User-Agent: Apache-HttpClient/4.5.5 (Java/1.8.0_191)
{"cdisId":"7130eb4d29ad45c3aff8f14d2fa63c2b","tsn":"55169","requestId":"a87dc139-c832-48e0-9fd3-260f4c38de7e","drNumber":"201800970108","titleCode":"@@@","addendumName":"","fileCount":1,"cdisDeliverySequenceId":null,"cdisPackageDirectory":null,"fileList":[],"bucketName":"dodge-qa-dodge-cdis","pdfFolderPath":"/Supported/PDF","planFolderPath":"/Supported/Plan","nonPlanFolderPath":"/Supported/Non-Plan","sourceFolderPath":"201800970108/@@@","resubmission":false}

13:28:07.842 [main] ERROR com.intuit.karate - org.apache.http.conn.HttpHostConnectException: Connect to localhost:8080 [localhost/127.0.0.1, localhost/0:0:0:0:0:0:0:1] failed: Connection refused: connect, http call failed after 2008 milliseconds for URL: http://localhost:8080/ContentXmlGenerateHandler/cdis/doc/content/
13:28:07.843 [main] ERROR com.intuit.karate - http request failed: 
org.apache.http.conn.HttpHostConnectException: Connect to localhost:8080 [localhost/127.0.0.1, localhost/0:0:0:0:0:0:0:1] failed: Connection refused: connect
]]></system-out>
  </testcase>
  <testcase name="Scenario: check status code of ContentXmlGenerateHandler service" classname="Scenario: check status code of ContentXmlGenerateHandler service" time="0.001">
    <error message="&#10;org.apache.http.conn.HttpHostConnectException: Connect to localhost:8080 [localhost/127.0.0.1, localhost/0:0:0:0:0:0:0:1] failed: Connection refused: connect" type="com.intuit.karate.exception.KarateException">com.intuit.karate.exception.KarateException: 

org.apache.http.conn.HttpHostConnectException: Connect to localhost:8080 [localhost/127.0.0.1, localhost/0:0:0:0:0:0:0:1] failed: Connection refused: connect
</error>
  </testcase>
  <testcase name="Then status 200" classname="Scenario: check status code of ContentXmlGenerateHandler service" time="0">
    <skipped/>
  </testcase>
  <testcase name="* print response" classname="Scenario: check status code of ContentXmlGenerateHandler service" time="0">
    <skipped/>
  </testcase>
  <testcase name="* url baseurl" classname="Scenario: check status code of PdfConversionService service" time="0"/>
  <testcase name="* def PdfConversionService = read(&apos;PdfConversionService_request.json&apos;)" classname="Scenario: check status code of PdfConversionService service" time="0"/>
  <testcase name="Given path &apos;PdfConversionService/cdis/nonpdf/feeds/&apos;" classname="Scenario: check status code of PdfConversionService service" time="0"/>
  <testcase name="And header Content-Type = &apos;application/json&apos;" classname="Scenario: check status code of PdfConversionService service" time="0"/>
  <testcase name="And request PdfConversionService" classname="Scenario: check status code of PdfConversionService service" time="0"/>
  <testcase name="When method post" classname="Scenario: check status code of PdfConversionService service" time="0">
    <error message="&#10;org.apache.http.conn.HttpHostConnectException: Connect to localhost:8080 [localhost/127.0.0.1, localhost/0:0:0:0:0:0:0:1] failed: Connection refused: connect" type="com.intuit.karate.exception.KarateException">com.intuit.karate.exception.KarateException: 

org.apache.http.conn.HttpHostConnectException: Connect to localhost:8080 [localhost/127.0.0.1, localhost/0:0:0:0:0:0:0:1] failed: Connection refused: connect
</error>
    <system-out><![CDATA[13:28:07.904 [main] DEBUG com.intuit.karate - request:
1 > POST http://localhost:8080/PdfConversionService/cdis/nonpdf/feeds/
1 > Accept-Encoding: gzip,deflate
1 > Connection: Keep-Alive
1 > Content-Length: 743
1 > Content-Type: application/json; charset=UTF-8
1 > Host: localhost:8080
1 > User-Agent: Apache-HttpClient/4.5.5 (Java/1.8.0_191)
{"drNumber":"201800967055","docId":"fd1c11b6577a4414b92b377d32970d06","cdisId":"ce9b9996e6814428962fc360850cf9de","addendumName":"RFRNC04","titleCode":"@@@","fileName":"X67408_LINEWORK.dwg","fileSize":3117369,"fileFormat":"dwg","supportedFlag":1,"file_lastModified":null,"s3Url":"f1/c1/f1c1ca12-6dfd-4ca2-a0fd-734027efbacd/pns/qa/MHC_18_10_31_343371.505706/X67408_LINEWORK.dwg","expirationTime":null,"statusCode":"CDIS_STS_006","docSplitCount":null,"createdBy":"CDIS","createDate":1542842364000,"updatedBy":null,"updatedDate":null,"bucketName":"dodge-qa-dodge-cdis","sourceFolder":"201800967055-RFRNC04/@@@","destFolder":null,"planFolder":"/Supported/Plan","nonplanFolder":"/Supported/Non-Plan","pdfFolder":"/Supported/PDF","otherFolder":null}

13:28:09.911 [main] ERROR com.intuit.karate - org.apache.http.conn.HttpHostConnectException: Connect to localhost:8080 [localhost/127.0.0.1, localhost/0:0:0:0:0:0:0:1] failed: Connection refused: connect, http call failed after 2006 milliseconds for URL: http://localhost:8080/PdfConversionService/cdis/nonpdf/feeds/
13:28:09.912 [main] ERROR com.intuit.karate - http request failed: 
org.apache.http.conn.HttpHostConnectException: Connect to localhost:8080 [localhost/127.0.0.1, localhost/0:0:0:0:0:0:0:1] failed: Connection refused: connect
]]></system-out>
  </testcase>
  <testcase name="Scenario: check status code of PdfConversionService service" classname="Scenario: check status code of PdfConversionService service" time="0">
    <error message="&#10;org.apache.http.conn.HttpHostConnectException: Connect to localhost:8080 [localhost/127.0.0.1, localhost/0:0:0:0:0:0:0:1] failed: Connection refused: connect" type="com.intuit.karate.exception.KarateException">com.intuit.karate.exception.KarateException: 

org.apache.http.conn.HttpHostConnectException: Connect to localhost:8080 [localhost/127.0.0.1, localhost/0:0:0:0:0:0:0:1] failed: Connection refused: connect
</error>
  </testcase>
  <testcase name="Then status 200" classname="Scenario: check status code of PdfConversionService service" time="0">
    <skipped/>
  </testcase>
  <testcase name="* print response" classname="Scenario: check status code of PdfConversionService service" time="0">
    <skipped/>
  </testcase>
  <testcase name="And match response contains {&quot;createdBy&quot;: &quot;CDIS&quot;}" classname="Scenario: check status code of PdfConversionService service" time="0">
    <skipped/>
  </testcase>
</testsuite>